Command line:
"travis -p equi.lammpstrj -i input.txt"


  ________                                 __
 /        |                               /  |
 ########/ ______    ______    __     __  ##/    _______
    ## |  /      \  /      \  /  \   /  | /  |  /       |
    ## | /######  | ######  | ##  \ /##/  ## | /#######/
    ## | ## |  ##/  /    ## |  ##  /##/   ## | ##      \
    ## | ## |      /####### |   ## ##/    ## |  ######  |
    ## | ## |      ##    ## |    ###/     ## | /     ##/
    ##/  ##/        #######/      #/      ##/  #######/

    TRajectory Analyzer and VISualizer  -  Open-source free software under GNU GPL v3

    Copyright (c) Martin Brehm      (2009-2024), University of Paderborn
                  Barbara Kirchner  (2009-2024), University of Bonn
                  Martin Thomas     (2012-2017)
                  Sascha Gehrke     (2016-2020)

    http://www.travis-analyzer.de

    Please cite: J. Chem. Phys. 2020, 152 (16), 164105.         (DOI 10.1063/5.0005078 )
                 J. Chem. Inf. Model. 2011, 51 (8), 2007-2023.  (DOI 10.1021/ci200217w )

    There is absolutely no warranty on any results obtained from TRAVIS.

 #  Beta features included
 #  Running on k33 at Wed May  7 09:33:02 2025 (PID 314010)
 #  Running in /home/froembgen/test/msd_new_feature
 #  Version: Mar 5 2024, built at Jun 17 2024, 09:55:51, compiler "11.4.0", GCC 11.4.0
 #  Target platform: Linux, __cplusplus=201103L, Compile flags: DEBUG_ARRAYS 
 #  Machine: x86_64, char=8bits, int=4b, long=8b, addr=8b, 0xA0B0C0D0=D0,C0,B0,A0.
 #  Home: /home/froembgen,  Executable: /home/froembgen/bin/travis
 #  Input from input.txt, Output to terminal

    >>> Please use a color scheme with dark background or specify "-nocolor"! <<<

    Loading configuration from /home/froembgen/.travis.conf ...

    Opening position trajectory equi.lammpstrj ...
    Analyzing LAMMPS trajectory column definition:
      - Field  1: id      
      - Field  2: element 
      - Field  3: xu      
      - Field  4: yu      
      - Field  5: zu      
    Found 5 columns in total.

    Trajectory contains approximately 1362 frames (just a *guess* from the file size of 45.49 MiB).

    1536 atoms in the system: 1024x H, 512x O

    System extent:  X = {    -87 ..  +1856 pm }, dX = 1943 pm
      (in step 1)   Y = {    -51 ..  +1834 pm }, dY = 1885 pm
                    Z = {    -73 ..  +5023 pm }, dZ = 5096 pm

    The "advanced mode" offers seldomly required features, including support for non-orthorhombic
    simulation cells, NPT ensemble, non-periodic systems, user-definded virtual atoms, pseudomolecules, ...

    Use the advanced mode until the analysis selection menu (y/n)? [no] <RETURN>

    Found cell geometry data in trajectory file:

      X = 1772.41 pm,   Y = 1772.41 pm,   Z = 4950.97 pm

    The overall box density is 0.984789 g/cm^3.

    Assuming a 3D-periodic cell.

    Use these values (y) or enter different values (n)? [yes] <RETURN>
    Update cell geometry in every time step (i.e., NPT ensemble) (y) or use fixed cell (n)? [yes] n

    Using the following element data:

      Element | Ord. Number |  Mass / u | Cov. Radius / pm | VdW Radius / pm | Color
    ----------|-------------|-----------|------------------|-----------------|----------
      H       |           1 |   1.00798 |            37.00 |          109.00 | #FFFFFF
      O       |           8 |  15.99940 |            75.00 |          152.00 | #FF0000


    Initialized spatial domain engine with 10 x 10 x 28 cells, min. diameter = 172 pm.

    Molecule recognition [###########################################################]

    512 molecules found.

    Molecule recognition took 0.0008 seconds.

    Sorting atom types...
    Setting up bond lists...
    Building atom codes...
    Creating refined topological atom order...
      [############################################################] Done.
    Creating bond list...
    Creating angle list...
    Grouping together equivalent molecules...
    Found 1 unique molecule types.
    Sorting molecule types by molecular mass...
    Found 0 rings.
    Molecule recognition finished.

Output of bond matrices:

*** Molecule 1: H2O; Representant 1; Distances in pm ***

    H1  H2  O1 
H1  ***  -   96 
H2   -  ***  95 
O1   96  95 *** 

    Atoms H1, H2 are equivalent.


*** The following 1 kind of molecules has been recognized:
    (ordered by molecular mass)

  - Molecule 1:  H2O (512 pieces, 18.02 g/mol)
      (2 noneq. atoms, 1 noneq. bond, 1 noneq. angle)
      Concentration:  54.663870 mol/liter


    If you switch on "USE_OPENBABEL" in config.h, TRAVIS can print SMILES strings of your molecules.

    You can create images of the structural formulas with the atom labels for easier
    identification of the atoms (requires installed GraphViz package - see www.graphviz.org).

    Create images of the structural formulas (y/n)? [no] <RETURN>

    Accept these molecules (y) or change something (n)? [yes] <RETURN>

    Uniting molecules which have been broken by wrapping...

    Determining maximum molecular diameters...

    Found the following maximal molecular diameters:

      (*) Molecule 1 (H2O):    152.52 pm


    The atoms are currently ordered by topological priority.

    Defining virtual atom #1 as molecular Center of Geometry:
      - H2O...

    Defining virtual atom #2 as molecular Center of Mass:
      - H2O...

    Defining molecular dipole vectors:

      The last virtual atom of each molecule is defined as the tip of the dipole vector
      starting in center of mass (#2). 1 Debye corresponds to 100 pm of vector length.
      Only useful if dipole/charge data is provided. Otherwise vector has always length of zero.

      - Dipole vector #2 --> #3 in H2O ...

>>> 3 virtual atoms have been defined: >>>

    #1 in H2O: Center of Geometry.
    #2 in H2O: Center of Mass.

    #3 in H2O - tip of molecular dipole vector starting in #2.

<<< End of virtual atoms <<<


>>> List of functions <<<

 *** Static (time independent) Functions
 cdf      - Combined Distribution Function
 rdf      - Radial Distribution Function
 adf      - Angular Distribution Function
 ddf      - Dihedral Distribution Function
 pldf     - Point-Plane Distance Distribution
 lidf     - Point-Line Distance Distribution
 plproj   - Plane Projection Distribution
 dprof    - Fixed Plane Density Profile
 fpp      - Fixed Plane Projection
 dens     - Density Distribution Function
 sdf      - Spatial Distribution Function
 psdf     - Pseudo SDF (only 2 ref. atoms)
 dip      - Dipole Distribution Function
 cond     - Evaluate Structural Condition
 sfac     - Compute Structure Factor
 agtopo   - Aggregation Topology Analysis
 sankey   - Sankey diagram plot
 cmat     - Contact Matrix / Connection Matrix
 geodens  - Particle Density inside Geometric Object

 *** Dynamic (time dependent) Functions
 vdf      - Velocity Distribution Function
 fdf      - Force Distribution Function
 msd      - Mean Square Displacement / Diffusion Coefficients
 acf      - Velocity Autocorrelation Functions
 rdyn     - Vector Reorientation Dynamics
 vhcf     - Van Hove Correlation Function
 aggr     - Aggregation Functions (DACF, DLDF, DDisp)
 hbond    - Hydrogen Bond Dynamics
 ionpair  - Diffusion Corrected Ion Pair Dynamics
 tddf     - Time Dependent Distribution Functions

 *** Spectroscopic Functions
 spec     - New Spectroscopy Module (IR, Raman, VCD, ROA)
 power    - Calculate Power Spectrum
 nc       - Normal Coordinate Analysis
 ir       - (old) Calculate IR Spectrum
 raman    - (old) Calculate Raman Spectrum
 vcd      - (old) Calculate VCD Spectrum
 rera     - Calculate Resonance Raman Spectrum
 drst     - Save Dipole Restart File
 mrst     - Save Magnetic Moment Restart File
 pol      - Set up Polarizability Calculation

 *** Miscellaneous Functions
 env      - Save Trajectory of RM Environment / TDO Plot
 proc     - Save Processed Trajectory
 cut      - Cut Clusters
 reg      - Region-specific Analysis
 chi      - Chirality Analysis
 eck      - Transform to Eckart Frame
 swan     - Sort Wannier Centers
 voro     - Basic Voronoi Analysis
 vori     - Voronoi Integration Functions
 vorochg  - Voronoi Charge Optimization
 doma     - Domain Analysis
 order    - Order Parameters
 hole     - Hole Theory based Analysis
 cla      - Cluster Analysis

   (You may specify multiple analyses at once, but
    the safe way is to perform only one kind of analysis at a time.)

    Which functions to compute (comma separated)? msd

 msd     - Mean Square Displacement / Diffusion Coefficients

    The advanced mode includes some options which are quite powerful,
    yet possibly weird or seldomly required.

    Use the advanced mode for the main part (y/n)? [no] y

    Enter the physical time distance between successive trajectory frames in fs: [0.5] 1000

    Use MSD cached mode (do this unless there are problems) (y/n)? [yes] <RETURN>

>>> Observation 1 >>>

    Only one molecule type, choosing H2O as observed molecule (OM).

*** Mean Square Displacement

    Which atom(s) to take from OM H2O (e.g. "C1,C3-5,H", "*"=all)? [#2] <RETURN>

    The correlation depth of the MSD determines the maximum temporal distance between two trajectory frames to be
    considered, and the maximum correlation time on the horizontal axis. It has nothing to do with selecting a certain
    part of the trajectory. The full trajectory is always used to compute the MSD, unless otherwise specified further below.

    Note: The correlation depth should not be larger than approx. 30% of the total trajectory step count.

    Enter the correlation depth for this MSD (in trajectory frames): [408] <RETURN>

    Take every n-th step for the time axis of the MSD: [1] <RETURN>
    Shift correlation window n time steps at once: [1] <RETURN>

    Decompose this MSD into contributions from each individual molecule (y/n)? [no] <RETURN>
    Take into account only certain dimensions for displacement (y/n)? [no] y
      Take into account contributions along X axis (y/n)? [yes] <RETURN>
      Take into account contributions along Y axis (y/n)? [yes] <RETURN>
      Take into account contributions along Z axis (y/n)? [yes] n

<<< End of Observation 1 <<<

    Add another observation (y/n)? [no] y

>>> Observation 2 >>>

    Only one molecule type, choosing H2O as observed molecule (OM).

*** Mean Square Displacement

    Which atom(s) to take from OM H2O (e.g. "C1,C3-5,H", "*"=all)? [#2] <RETURN>

    The correlation depth of the MSD determines the maximum temporal distance between two trajectory frames to be
    considered, and the maximum correlation time on the horizontal axis. It has nothing to do with selecting a certain
    part of the trajectory. The full trajectory is always used to compute the MSD, unless otherwise specified further below.

    Note: The correlation depth should not be larger than approx. 30% of the total trajectory step count.

    Enter the correlation depth for this MSD (in trajectory frames): [408] <RETURN>

    Take every n-th step for the time axis of the MSD: [1] <RETURN>
    Shift correlation window n time steps at once: [1] <RETURN>

    Decompose this MSD into contributions from each individual molecule (y/n)? [no] <RETURN>
    Take into account only certain dimensions for displacement (y/n)? [no] y
      Take into account contributions along X axis (y/n)? [yes] n
      Take into account contributions along Y axis (y/n)? [yes] n
      Take into account contributions along Z axis (y/n)? [yes] <RETURN>

<<< End of Observation 2 <<<

    Add another observation (y/n)? [no] <RETURN>

>>> Observation List >>>

  *** Observation 1
    - MSD: H2O_#2_XY
  *** Observation 2
    - MSD: H2O_#2_Z

<<< End of Observation List <<<


    Not wrapping molecules into the box.

    Remove center of mass movement of the box (y/n)? [yes] <RETURN>

    Fix com of whole system (y) or a specified center/atom (n)? [yes] <RETURN>
    Perform a multi-interval analysis (y/n)? [no] <RETURN>
    In which trajectory frame to start processing the trajectory? [1] <RETURN>
    How many trajectory frames to read (from this position on)? [all] <RETURN>
    Use every n-th read trajectory frame for the analysis: [1] <RETURN>

    Using 1362 time steps: Every 1st within range 1 - approx. 1362.

########## All information collected ##########

>>> Initialization >>>

Initializing observation 1...
  Creating MSD...
    MSD Cache: Trying to reserve 16.49 MiB of memory...
Initializing observation 2...
  Creating MSD...
    MSD Cache: Trying to reserve 16.49 MiB of memory...

<<< End of Initialization <<<


##########   Starting Main Pass   ##########

Hint: Press CTRL+C once to softly interrupt analysis and still write the results.
      Creating an empty file named EXIT ("touch EXIT") has the same effect.

Step      0 ..................................................
Step     50 ................................................
End of trajectory file reached.


##########   Main pass done   ##########

1001 time steps processed.



    Finishing analyses:
----------------------------------------------------------------------------------------------------------


>>> Observation 1 >>>

* Mean Square Displacement
    Computing square displacement of cached vectors...
         1/512:  [##############################]
         2/512:  [##############################]
         3/512:  [##############################]
         4/512:  [##############################]
         5/512:  [##############################]
         6/512:  [##############################]
         7/512:  [##############################]
         8/512:  [##############################]
         9/512:  [##############################]
        10/512:  [##############################]
        11/512:  [##############################]
        12/512:  [##############################]
        13/512:  [##############################]
        14/512:  [##############################]
        15/512:  [##############################]
        16/512:  [##############################]
        17/512:  [##############################]
        18/512:  [##############################]
        19/512:  [##############################]
        20/512:  [##############################]
        21/512:  [##############################]
        22/512:  [##############################]
        23/512:  [##############################]
        24/512:  [##############################]
        25/512:  [##############################]
        26/512:  [##############################]
        27/512:  [##############################]
        28/512:  [##############################]
        29/512:  [##############################]
        30/512:  [##############################]
        31/512:  [##############################]
        32/512:  [##############################]
        33/512:  [##############################]
        34/512:  [##############################]
        35/512:  [##############################]
        36/512:  [##############################]
        37/512:  [##############################]
        38/512:  [##############################]
        39/512:  [##############################]
        40/512:  [##############################]
        41/512:  [##############################]
        42/512:  [##############################]
        43/512:  [##############################]
        44/512:  [##############################]
        45/512:  [##############################]
        46/512:  [##############################]
        47/512:  [##############################]
        48/512:  [##############################]
        49/512:  [##############################]
        50/512:  [##############################]
        51/512:  [##############################]
        52/512:  [##############################]
        53/512:  [##############################]
        54/512:  [##############################]
        55/512:  [##############################]
        56/512:  [##############################]
        57/512:  [##############################]
        58/512:  [##############################]
        59/512:  [##############################]
        60/512:  [##############################]
        61/512:  [##############################]
        62/512:  [##############################]
        63/512:  [##############################]
        64/512:  [##############################]
        65/512:  [##############################]
        66/512:  [##############################]
        67/512:  [##############################]
        68/512:  [##############################]
        69/512:  [##############################]
        70/512:  [##############################]
        71/512:  [##############################]
        72/512:  [##############################]
        73/512:  [##############################]
        74/512:  [##############################]
        75/512:  [##############################]
        76/512:  [##############################]
        77/512:  [##############################]
        78/512:  [##############################]
        79/512:  [##############################]
        80/512:  [##############################]
        81/512:  [##############################]
        82/512:  [##############################]
        83/512:  [##############################]
        84/512:  [##############################]
        85/512:  [##############################]
        86/512:  [##############################]
        87/512:  [##############################]
        88/512:  [##############################]
        89/512:  [##############################]
        90/512:  [##############################]
        91/512:  [##############################]
        92/512:  [##############################]
        93/512:  [##############################]
        94/512:  [##############################]
        95/512:  [##############################]
        96/512:  [##############################]
        97/512:  [##############################]
        98/512:  [##############################]
        99/512:  [##############################]
       100/512:  [##############################]
       101/512:  [##############################]
       102/512:  [##############################]
       103/512:  [##############################]
       104/512:  [##############################]
       105/512:  [##############################]
       106/512:  [##############################]
       107/512:  [##############################]
       108/512:  [##############################]
       109/512:  [##############################]
       110/512:  [##############################]
       111/512:  [##############################]
       112/512:  [##############################]
       113/512:  [##############################]
       114/512:  [##############################]
       115/512:  [##############################]
       116/512:  [##############################]
       117/512:  [##############################]
       118/512:  [##############################]
       119/512:  [##############################]
       120/512:  [##############################]
       121/512:  [##############################]
       122/512:  [##############################]
       123/512:  [##############################]
       124/512:  [##############################]
       125/512:  [##############################]
       126/512:  [##############################]
       127/512:  [##############################]
       128/512:  [##############################]
       129/512:  [##############################]
       130/512:  [##############################]
       131/512:  [##############################]
       132/512:  [##############################]
       133/512:  [##############################]
       134/512:  [##############################]
       135/512:  [##############################]
       136/512:  [##############################]
       137/512:  [##############################]
       138/512:  [##############################]
       139/512:  [##############################]
       140/512:  [##############################]
       141/512:  [##############################]
       142/512:  [##############################]
       143/512:  [##############################]
       144/512:  [##############################]
       145/512:  [##############################]
       146/512:  [##############################]
       147/512:  [##############################]
       148/512:  [##############################]
       149/512:  [##############################]
       150/512:  [##############################]
       151/512:  [##############################]
       152/512:  [##############################]
       153/512:  [##############################]
       154/512:  [##############################]
       155/512:  [##############################]
       156/512:  [##############################]
       157/512:  [##############################]
       158/512:  [##############################]
       159/512:  [##############################]
       160/512:  [##############################]
       161/512:  [##############################]
       162/512:  [##############################]
       163/512:  [##############################]
       164/512:  [##############################]
       165/512:  [##############################]
       166/512:  [##############################]
       167/512:  [##############################]
       168/512:  [##############################]
       169/512:  [##############################]
       170/512:  [##############################]
       171/512:  [##############################]
       172/512:  [##############################]
       173/512:  [##############################]
       174/512:  [##############################]
       175/512:  [##############################]
       176/512:  [##############################]
       177/512:  [##############################]
       178/512:  [##############################]
       179/512:  [##############################]
       180/512:  [##############################]
       181/512:  [##############################]
       182/512:  [##############################]
       183/512:  [##############################]
       184/512:  [##############################]
       185/512:  [##############################]
       186/512:  [##############################]
       187/512:  [##############################]
       188/512:  [##############################]
       189/512:  [##############################]
       190/512:  [##############################]
       191/512:  [##############################]
       192/512:  [##############################]
       193/512:  [##############################]
       194/512:  [##############################]
       195/512:  [##############################]
       196/512:  [##############################]
       197/512:  [##############################]
       198/512:  [##############################]
       199/512:  [##############################]
       200/512:  [##############################]
       201/512:  [##############################]
       202/512:  [##############################]
       203/512:  [##############################]
       204/512:  [##############################]
       205/512:  [##############################]
       206/512:  [##############################]
       207/512:  [##############################]
       208/512:  [##############################]
       209/512:  [##############################]
       210/512:  [##############################]
       211/512:  [##############################]
       212/512:  [##############################]
       213/512:  [##############################]
       214/512:  [##############################]
       215/512:  [##############################]
       216/512:  [##############################]
       217/512:  [##############################]
       218/512:  [##############################]
       219/512:  [##############################]
       220/512:  [##############################]
       221/512:  [##############################]
       222/512:  [##############################]
       223/512:  [##############################]
       224/512:  [##############################]
       225/512:  [##############################]
       226/512:  [##############################]
       227/512:  [##############################]
       228/512:  [##############################]
       229/512:  [##############################]
       230/512:  [##############################]
       231/512:  [##############################]
       232/512:  [##############################]
       233/512:  [##############################]
       234/512:  [##############################]
       235/512:  [##############################]
       236/512:  [##############################]
       237/512:  [##############################]
       238/512:  [##############################]
       239/512:  [##############################]
       240/512:  [##############################]
       241/512:  [##############################]
       242/512:  [##############################]
       243/512:  [##############################]
       244/512:  [##############################]
       245/512:  [##############################]
       246/512:  [##############################]
       247/512:  [##############################]
       248/512:  [##############################]
       249/512:  [##############################]
       250/512:  [##############################]
       251/512:  [##############################]
       252/512:  [##############################]
       253/512:  [##############################]
       254/512:  [##############################]
       255/512:  [##############################]
       256/512:  [##############################]
       257/512:  [##############################]
       258/512:  [##############################]
       259/512:  [##############################]
       260/512:  [##############################]
       261/512:  [##############################]
       262/512:  [##############################]
       263/512:  [##############################]
       264/512:  [##############################]
       265/512:  [##############################]
       266/512:  [##############################]
       267/512:  [##############################]
       268/512:  [##############################]
       269/512:  [##############################]
       270/512:  [##############################]
       271/512:  [##############################]
       272/512:  [##############################]
       273/512:  [##############################]
       274/512:  [##############################]
       275/512:  [##############################]
       276/512:  [##############################]
       277/512:  [##############################]
       278/512:  [##############################]
       279/512:  [##############################]
       280/512:  [##############################]
       281/512:  [##############################]
       282/512:  [##############################]
       283/512:  [##############################]
       284/512:  [##############################]
       285/512:  [##############################]
       286/512:  [##############################]
       287/512:  [##############################]
       288/512:  [##############################]
       289/512:  [##############################]
       290/512:  [##############################]
       291/512:  [##############################]
       292/512:  [##############################]
       293/512:  [##############################]
       294/512:  [##############################]
       295/512:  [##############################]
       296/512:  [##############################]
       297/512:  [##############################]
       298/512:  [##############################]
       299/512:  [##############################]
       300/512:  [##############################]
       301/512:  [##############################]
       302/512:  [##############################]
       303/512:  [##############################]
       304/512:  [##############################]
       305/512:  [##############################]
       306/512:  [##############################]
       307/512:  [##############################]
       308/512:  [##############################]
       309/512:  [##############################]
       310/512:  [##############################]
       311/512:  [##############################]
       312/512:  [##############################]
       313/512:  [##############################]
       314/512:  [##############################]
       315/512:  [##############################]
       316/512:  [##############################]
       317/512:  [##############################]
       318/512:  [##############################]
       319/512:  [##############################]
       320/512:  [##############################]
       321/512:  [##############################]
       322/512:  [##############################]
       323/512:  [##############################]
       324/512:  [##############################]
       325/512:  [##############################]
       326/512:  [##############################]
       327/512:  [##############################]
       328/512:  [##############################]
       329/512:  [##############################]
       330/512:  [##############################]
       331/512:  [##############################]
       332/512:  [##############################]
       333/512:  [##############################]
       334/512:  [##############################]
       335/512:  [##############################]
       336/512:  [##############################]
       337/512:  [##############################]
       338/512:  [##############################]
       339/512:  [##############################]
       340/512:  [##############################]
       341/512:  [##############################]
       342/512:  [##############################]
       343/512:  [##############################]
       344/512:  [##############################]
       345/512:  [##############################]
       346/512:  [##############################]
       347/512:  [##############################]
       348/512:  [##############################]
       349/512:  [##############################]
       350/512:  [##############################]
       351/512:  [##############################]
       352/512:  [##############################]
       353/512:  [##############################]
       354/512:  [##############################]
       355/512:  [##############################]
       356/512:  [##############################]
       357/512:  [##############################]
       358/512:  [##############################]
       359/512:  [##############################]
       360/512:  [##############################]
       361/512:  [##############################]
       362/512:  [##############################]
       363/512:  [##############################]
       364/512:  [##############################]
       365/512:  [##############################]
       366/512:  [##############################]
       367/512:  [##############################]
       368/512:  [##############################]
       369/512:  [##############################]
       370/512:  [##############################]
       371/512:  [##############################]
       372/512:  [##############################]
       373/512:  [##############################]
       374/512:  [##############################]
       375/512:  [##############################]
       376/512:  [##############################]
       377/512:  [##############################]
       378/512:  [##############################]
       379/512:  [##############################]
       380/512:  [##############################]
       381/512:  [##############################]
       382/512:  [##############################]
       383/512:  [##############################]
       384/512:  [##############################]
       385/512:  [##############################]
       386/512:  [##############################]
       387/512:  [##############################]
       388/512:  [##############################]
       389/512:  [##############################]
       390/512:  [##############################]
       391/512:  [##############################]
       392/512:  [##############################]
       393/512:  [##############################]
       394/512:  [##############################]
       395/512:  [##############################]
       396/512:  [##############################]
       397/512:  [##############################]
       398/512:  [##############################]
       399/512:  [##############################]
       400/512:  [##############################]
       401/512:  [##############################]
       402/512:  [##############################]
       403/512:  [##############################]
       404/512:  [##############################]
       405/512:  [##############################]
       406/512:  [##############################]
       407/512:  [##############################]
       408/512:  [##############################]
       409/512:  [##############################]
       410/512:  [##############################]
       411/512:  [##############################]
       412/512:  [##############################]
       413/512:  [##############################]
       414/512:  [##############################]
       415/512:  [##############################]
       416/512:  [##############################]
       417/512:  [##############################]
       418/512:  [##############################]
       419/512:  [##############################]
       420/512:  [##############################]
       421/512:  [##############################]
       422/512:  [##############################]
       423/512:  [##############################]
       424/512:  [##############################]
       425/512:  [##############################]
       426/512:  [##############################]
       427/512:  [##############################]
       428/512:  [##############################]
       429/512:  [##############################]
       430/512:  [##############################]
       431/512:  [##############################]
       432/512:  [##############################]
       433/512:  [##############################]
       434/512:  [##############################]
       435/512:  [##############################]
       436/512:  [##############################]
       437/512:  [##############################]
       438/512:  [##############################]
       439/512:  [##############################]
       440/512:  [##############################]
       441/512:  [##############################]
       442/512:  [##############################]
       443/512:  [##############################]
       444/512:  [##############################]
       445/512:  [##############################]
       446/512:  [##############################]
       447/512:  [##############################]
       448/512:  [##############################]
       449/512:  [##############################]
       450/512:  [##############################]
       451/512:  [##############################]
       452/512:  [##############################]
       453/512:  [##############################]
       454/512:  [##############################]
       455/512:  [##############################]
       456/512:  [##############################]
       457/512:  [##############################]
       458/512:  [##############################]
       459/512:  [##############################]
       460/512:  [##############################]
       461/512:  [##############################]
       462/512:  [##############################]
       463/512:  [##############################]
       464/512:  [##############################]
       465/512:  [##############################]
       466/512:  [##############################]
       467/512:  [##############################]
       468/512:  [##############################]
       469/512:  [##############################]
       470/512:  [##############################]
       471/512:  [##############################]
       472/512:  [##############################]
       473/512:  [##############################]
       474/512:  [##############################]
       475/512:  [##############################]
       476/512:  [##############################]
       477/512:  [##############################]
       478/512:  [##############################]
       479/512:  [##############################]
       480/512:  [##############################]
       481/512:  [##############################]
       482/512:  [##############################]
       483/512:  [##############################]
       484/512:  [##############################]
       485/512:  [##############################]
       486/512:  [##############################]
       487/512:  [##############################]
       488/512:  [##############################]
       489/512:  [##############################]
       490/512:  [##############################]
       491/512:  [##############################]
       492/512:  [##############################]
       493/512:  [##############################]
       494/512:  [##############################]
       495/512:  [##############################]
       496/512:  [##############################]
       497/512:  [##############################]
       498/512:  [##############################]
       499/512:  [##############################]
       500/512:  [##############################]
       501/512:  [##############################]
       502/512:  [##############################]
       503/512:  [##############################]
       504/512:  [##############################]
       505/512:  [##############################]
       506/512:  [##############################]
       507/512:  [##############################]
       508/512:  [##############################]
       509/512:  [##############################]
       510/512:  [##############################]
       511/512:  [##############################]
       512/512:  [##############################]
    166594560 bin entries.

    Saving result as msd_H2O_#2_XY.csv ...
[Renaming existing File msd_H2O_#2_XY.csv to #1#msd_H2O_#2_XY.csv ...OK.]

    Performing linear regression on interval 204.00 - 408.00 ps...

      MSD(t) = -203691.733415 + 22112.686907 * t   (units: [MSD] = pm^2, [t] = ps).
           R = 0.999984   (correlation coefficient)
     Please note: Dimensionality of the system is 2 here.

      Diffusion coefficient D = 5528.171727 pm^2/ps  =  5.52817E-09 m^2/s.
        (assuming <x^2> = 4 * D * t)

    Saving linear regression curve as msd_H2O_#2_XY_fit.csv ...
[Renaming existing File msd_H2O_#2_XY_fit.csv to #1#[...].csv ...OK.]

>>> Observation 2 >>>

* Mean Square Displacement
    Computing square displacement of cached vectors...
         1/512:  [##############################]
         2/512:  [##############################]
         3/512:  [##############################]
         4/512:  [##############################]
         5/512:  [##############################]
         6/512:  [##############################]
         7/512:  [##############################]
         8/512:  [##############################]
         9/512:  [##############################]
        10/512:  [##############################]
        11/512:  [##############################]
        12/512:  [##############################]
        13/512:  [##############################]
        14/512:  [##############################]
        15/512:  [##############################]
        16/512:  [##############################]
        17/512:  [##############################]
        18/512:  [##############################]
        19/512:  [##############################]
        20/512:  [##############################]
        21/512:  [##############################]
        22/512:  [##############################]
        23/512:  [##############################]
        24/512:  [##############################]
        25/512:  [##############################]
        26/512:  [##############################]
        27/512:  [##############################]
        28/512:  [##############################]
        29/512:  [##############################]
        30/512:  [##############################]
        31/512:  [##############################]
        32/512:  [##############################]
        33/512:  [##############################]
        34/512:  [##############################]
        35/512:  [##############################]
        36/512:  [##############################]
        37/512:  [##############################]
        38/512:  [##############################]
        39/512:  [##############################]
        40/512:  [##############################]
        41/512:  [##############################]
        42/512:  [##############################]
        43/512:  [##############################]
        44/512:  [##############################]
        45/512:  [##############################]
        46/512:  [##############################]
        47/512:  [##############################]
        48/512:  [##############################]
        49/512:  [##############################]
        50/512:  [##############################]
        51/512:  [##############################]
        52/512:  [##############################]
        53/512:  [##############################]
        54/512:  [##############################]
        55/512:  [##############################]
        56/512:  [##############################]
        57/512:  [##############################]
        58/512:  [##############################]
        59/512:  [##############################]
        60/512:  [##############################]
        61/512:  [##############################]
        62/512:  [##############################]
        63/512:  [##############################]
        64/512:  [##############################]
        65/512:  [##############################]
        66/512:  [##############################]
        67/512:  [##############################]
        68/512:  [##############################]
        69/512:  [##############################]
        70/512:  [##############################]
        71/512:  [##############################]
        72/512:  [##############################]
        73/512:  [##############################]
        74/512:  [##############################]
        75/512:  [##############################]
        76/512:  [##############################]
        77/512:  [##############################]
        78/512:  [##############################]
        79/512:  [##############################]
        80/512:  [##############################]
        81/512:  [##############################]
        82/512:  [##############################]
        83/512:  [##############################]
        84/512:  [##############################]
        85/512:  [##############################]
        86/512:  [##############################]
        87/512:  [##############################]
        88/512:  [##############################]
        89/512:  [##############################]
        90/512:  [##############################]
        91/512:  [##############################]
        92/512:  [##############################]
        93/512:  [##############################]
        94/512:  [##############################]
        95/512:  [##############################]
        96/512:  [##############################]
        97/512:  [##############################]
        98/512:  [##############################]
        99/512:  [##############################]
       100/512:  [##############################]
       101/512:  [##############################]
       102/512:  [##############################]
       103/512:  [##############################]
       104/512:  [##############################]
       105/512:  [##############################]
       106/512:  [##############################]
       107/512:  [##############################]
       108/512:  [##############################]
       109/512:  [##############################]
       110/512:  [##############################]
       111/512:  [##############################]
       112/512:  [##############################]
       113/512:  [##############################]
       114/512:  [##############################]
       115/512:  [##############################]
       116/512:  [##############################]
       117/512:  [##############################]
       118/512:  [##############################]
       119/512:  [##############################]
       120/512:  [##############################]
       121/512:  [##############################]
       122/512:  [##############################]
       123/512:  [##############################]
       124/512:  [##############################]
       125/512:  [##############################]
       126/512:  [##############################]
       127/512:  [##############################]
       128/512:  [##############################]
       129/512:  [##############################]
       130/512:  [##############################]
       131/512:  [##############################]
       132/512:  [##############################]
       133/512:  [##############################]
       134/512:  [##############################]
       135/512:  [##############################]
       136/512:  [##############################]
       137/512:  [##############################]
       138/512:  [##############################]
       139/512:  [##############################]
       140/512:  [##############################]
       141/512:  [##############################]
       142/512:  [##############################]
       143/512:  [##############################]
       144/512:  [##############################]
       145/512:  [##############################]
       146/512:  [##############################]
       147/512:  [##############################]
       148/512:  [##############################]
       149/512:  [##############################]
       150/512:  [##############################]
       151/512:  [##############################]
       152/512:  [##############################]
       153/512:  [##############################]
       154/512:  [##############################]
       155/512:  [##############################]
       156/512:  [##############################]
       157/512:  [##############################]
       158/512:  [##############################]
       159/512:  [##############################]
       160/512:  [##############################]
       161/512:  [##############################]
       162/512:  [##############################]
       163/512:  [##############################]
       164/512:  [##############################]
       165/512:  [##############################]
       166/512:  [##############################]
       167/512:  [##############################]
       168/512:  [##############################]
       169/512:  [##############################]
       170/512:  [##############################]
       171/512:  [##############################]
       172/512:  [##############################]
       173/512:  [##############################]
       174/512:  [##############################]
       175/512:  [##############################]
       176/512:  [##############################]
       177/512:  [##############################]
       178/512:  [##############################]
       179/512:  [##############################]
       180/512:  [##############################]
       181/512:  [##############################]
       182/512:  [##############################]
       183/512:  [##############################]
       184/512:  [##############################]
       185/512:  [##############################]
       186/512:  [##############################]
       187/512:  [##############################]
       188/512:  [##############################]
       189/512:  [##############################]
       190/512:  [##############################]
       191/512:  [##############################]
       192/512:  [##############################]
       193/512:  [##############################]
       194/512:  [##############################]
       195/512:  [##############################]
       196/512:  [##############################]
       197/512:  [##############################]
       198/512:  [##############################]
       199/512:  [##############################]
       200/512:  [##############################]
       201/512:  [##############################]
       202/512:  [##############################]
       203/512:  [##############################]
       204/512:  [##############################]
       205/512:  [##############################]
       206/512:  [##############################]
       207/512:  [##############################]
       208/512:  [##############################]
       209/512:  [##############################]
       210/512:  [##############################]
       211/512:  [##############################]
       212/512:  [##############################]
       213/512:  [##############################]
       214/512:  [##############################]
       215/512:  [##############################]
       216/512:  [##############################]
       217/512:  [##############################]
       218/512:  [##############################]
       219/512:  [##############################]
       220/512:  [##############################]
       221/512:  [##############################]
       222/512:  [##############################]
       223/512:  [##############################]
       224/512:  [##############################]
       225/512:  [##############################]
       226/512:  [##############################]
       227/512:  [##############################]
       228/512:  [##############################]
       229/512:  [##############################]
       230/512:  [##############################]
       231/512:  [##############################]
       232/512:  [##############################]
       233/512:  [##############################]
       234/512:  [##############################]
       235/512:  [##############################]
       236/512:  [##############################]
       237/512:  [##############################]
       238/512:  [##############################]
       239/512:  [##############################]
       240/512:  [##############################]
       241/512:  [##############################]
       242/512:  [##############################]
       243/512:  [##############################]
       244/512:  [##############################]
       245/512:  [##############################]
       246/512:  [##############################]
       247/512:  [##############################]
       248/512:  [##############################]
       249/512:  [##############################]
       250/512:  [##############################]
       251/512:  [##############################]
       252/512:  [##############################]
       253/512:  [##############################]
       254/512:  [##############################]
       255/512:  [##############################]
       256/512:  [##############################]
       257/512:  [##############################]
       258/512:  [##############################]
       259/512:  [##############################]
       260/512:  [##############################]
       261/512:  [##############################]
       262/512:  [##############################]
       263/512:  [##############################]
       264/512:  [##############################]
       265/512:  [##############################]
       266/512:  [##############################]
       267/512:  [##############################]
       268/512:  [##############################]
       269/512:  [##############################]
       270/512:  [##############################]
       271/512:  [##############################]
       272/512:  [##############################]
       273/512:  [##############################]
       274/512:  [##############################]
       275/512:  [##############################]
       276/512:  [##############################]
       277/512:  [##############################]
       278/512:  [##############################]
       279/512:  [##############################]
       280/512:  [##############################]
       281/512:  [##############################]
       282/512:  [##############################]
       283/512:  [##############################]
       284/512:  [##############################]
       285/512:  [##############################]
       286/512:  [##############################]
       287/512:  [##############################]
       288/512:  [##############################]
       289/512:  [##############################]
       290/512:  [##############################]
       291/512:  [##############################]
       292/512:  [##############################]
       293/512:  [##############################]
       294/512:  [##############################]
       295/512:  [##############################]
       296/512:  [##############################]
       297/512:  [##############################]
       298/512:  [##############################]
       299/512:  [##############################]
       300/512:  [##############################]
       301/512:  [##############################]
       302/512:  [##############################]
       303/512:  [##############################]
       304/512:  [##############################]
       305/512:  [##############################]
       306/512:  [##############################]
       307/512:  [##############################]
       308/512:  [##############################]
       309/512:  [##############################]
       310/512:  [##############################]
       311/512:  [##############################]
       312/512:  [##############################]
       313/512:  [##############################]
       314/512:  [##############################]
       315/512:  [##############################]
       316/512:  [##############################]
       317/512:  [##############################]
       318/512:  [##############################]
       319/512:  [##############################]
       320/512:  [##############################]
       321/512:  [##############################]
       322/512:  [##############################]
       323/512:  [##############################]
       324/512:  [##############################]
       325/512:  [##############################]
       326/512:  [##############################]
       327/512:  [##############################]
       328/512:  [##############################]
       329/512:  [##############################]
       330/512:  [##############################]
       331/512:  [##############################]
       332/512:  [##############################]
       333/512:  [##############################]
       334/512:  [##############################]
       335/512:  [##############################]
       336/512:  [##############################]
       337/512:  [##############################]
       338/512:  [##############################]
       339/512:  [##############################]
       340/512:  [##############################]
       341/512:  [##############################]
       342/512:  [##############################]
       343/512:  [##############################]
       344/512:  [##############################]
       345/512:  [##############################]
       346/512:  [##############################]
       347/512:  [##############################]
       348/512:  [##############################]
       349/512:  [##############################]
       350/512:  [##############################]
       351/512:  [##############################]
       352/512:  [##############################]
       353/512:  [##############################]
       354/512:  [##############################]
       355/512:  [##############################]
       356/512:  [##############################]
       357/512:  [##############################]
       358/512:  [##############################]
       359/512:  [##############################]
       360/512:  [##############################]
       361/512:  [##############################]
       362/512:  [##############################]
       363/512:  [##############################]
       364/512:  [##############################]
       365/512:  [##############################]
       366/512:  [##############################]
       367/512:  [##############################]
       368/512:  [##############################]
       369/512:  [##############################]
       370/512:  [##############################]
       371/512:  [##############################]
       372/512:  [##############################]
       373/512:  [##############################]
       374/512:  [##############################]
       375/512:  [##############################]
       376/512:  [##############################]
       377/512:  [##############################]
       378/512:  [##############################]
       379/512:  [##############################]
       380/512:  [##############################]
       381/512:  [##############################]
       382/512:  [##############################]
       383/512:  [##############################]
       384/512:  [##############################]
       385/512:  [##############################]
       386/512:  [##############################]
       387/512:  [##############################]
       388/512:  [##############################]
       389/512:  [##############################]
       390/512:  [##############################]
       391/512:  [##############################]
       392/512:  [##############################]
       393/512:  [##############################]
       394/512:  [##############################]
       395/512:  [##############################]
       396/512:  [##############################]
       397/512:  [##############################]
       398/512:  [##############################]
       399/512:  [##############################]
       400/512:  [##############################]
       401/512:  [##############################]
       402/512:  [##############################]
       403/512:  [##############################]
       404/512:  [##############################]
       405/512:  [##############################]
       406/512:  [##############################]
       407/512:  [##############################]
       408/512:  [##############################]
       409/512:  [##############################]
       410/512:  [##############################]
       411/512:  [##############################]
       412/512:  [##############################]
       413/512:  [##############################]
       414/512:  [##############################]
       415/512:  [##############################]
       416/512:  [##############################]
       417/512:  [##############################]
       418/512:  [##############################]
       419/512:  [##############################]
       420/512:  [##############################]
       421/512:  [##############################]
       422/512:  [##############################]
       423/512:  [##############################]
       424/512:  [##############################]
       425/512:  [##############################]
       426/512:  [##############################]
       427/512:  [##############################]
       428/512:  [##############################]
       429/512:  [##############################]
       430/512:  [##############################]
       431/512:  [##############################]
       432/512:  [##############################]
       433/512:  [##############################]
       434/512:  [##############################]
       435/512:  [##############################]
       436/512:  [##############################]
       437/512:  [##############################]
       438/512:  [##############################]
       439/512:  [##############################]
       440/512:  [##############################]
       441/512:  [##############################]
       442/512:  [##############################]
       443/512:  [##############################]
       444/512:  [##############################]
       445/512:  [##############################]
       446/512:  [##############################]
       447/512:  [##############################]
       448/512:  [##############################]
       449/512:  [##############################]
       450/512:  [##############################]
       451/512:  [##############################]
       452/512:  [##############################]
       453/512:  [##############################]
       454/512:  [##############################]
       455/512:  [##############################]
       456/512:  [##############################]
       457/512:  [##############################]
       458/512:  [##############################]
       459/512:  [##############################]
       460/512:  [##############################]
       461/512:  [##############################]
       462/512:  [##############################]
       463/512:  [##############################]
       464/512:  [##############################]
       465/512:  [##############################]
       466/512:  [##############################]
       467/512:  [##############################]
       468/512:  [##############################]
       469/512:  [##############################]
       470/512:  [##############################]
       471/512:  [##############################]
       472/512:  [##############################]
       473/512:  [##############################]
       474/512:  [##############################]
       475/512:  [##############################]
       476/512:  [##############################]
       477/512:  [##############################]
       478/512:  [##############################]
       479/512:  [##############################]
       480/512:  [##############################]
       481/512:  [##############################]
       482/512:  [##############################]
       483/512:  [##############################]
       484/512:  [##############################]
       485/512:  [##############################]
       486/512:  [##############################]
       487/512:  [##############################]
       488/512:  [##############################]
       489/512:  [##############################]
       490/512:  [##############################]
       491/512:  [##############################]
       492/512:  [##############################]
       493/512:  [##############################]
       494/512:  [##############################]
       495/512:  [##############################]
       496/512:  [##############################]
       497/512:  [##############################]
       498/512:  [##############################]
       499/512:  [##############################]
       500/512:  [##############################]
       501/512:  [##############################]
       502/512:  [##############################]
       503/512:  [##############################]
       504/512:  [##############################]
       505/512:  [##############################]
       506/512:  [##############################]
       507/512:  [##############################]
       508/512:  [##############################]
       509/512:  [##############################]
       510/512:  [##############################]
       511/512:  [##############################]
       512/512:  [##############################]
    166594560 bin entries.

    Saving result as msd_H2O_#2_Z.csv ...
[Renaming existing File msd_H2O_#2_Z.csv to #1#msd_H2O_#2_Z.csv ...OK.]

    Performing linear regression on interval 204.00 - 408.00 ps...

      MSD(t) = 99438.004556 + 7869.534355 * t   (units: [MSD] = pm^2, [t] = ps).
           R = 0.999954   (correlation coefficient)
     Please note: Dimensionality of the system is 1 here.

      Diffusion coefficient D = 3934.767178 pm^2/ps  =  3.93477E-09 m^2/s.
        (assuming <x^2> = 2 * D * t)

    Saving linear regression curve as msd_H2O_#2_Z_fit.csv ...
[Renaming existing File msd_H2O_#2_Z_fit.csv to #1#[...].csv ...OK.]


----------------------------------------------------------------------------------------------------------
    Finished all analyses.


    Note: To show a list of all persons who contributed to TRAVIS,
          please add "-credits" to your command line arguments, or set the
          variable "SHOWCREDITS" to "TRUE" in your travis.conf file.

    Source code from other projects used in TRAVIS:
      - lmfit     from Joachim Wuttke
      - kiss_fft  from Mark Borgerding
      - voro++    from Chris Rycroft

    http://www.travis-analyzer.de

    Please cite all of the following articles for the analyses you have used:

  * For TRAVIS in general:

    "TRAVIS - A Free Analyzer for Trajectories from Molecular Simulation",
    M. Brehm, M. Thomas, S. Gehrke, B. Kirchner; J. Chem. Phys. 2020, 152 (16), 164105.   (DOI 10.1063/5.0005078 )

    "TRAVIS - A Free Analyzer and Visualizer for Monte Carlo and Molecular Dynamics Trajectories",
    M. Brehm, B. Kirchner; J. Chem. Inf. Model. 2011, 51 (8), pp 2007-2023.   (DOI 10.1021/ci200217w )

*** The End ***

